2025-12-19 12:00:06,210 - CricketBallTracker - INFO - Pipeline run starting for 10 with ID: 20251219_120006
2025-12-19 12:00:06,210 - CricketBallTracker - INFO - Mode: EVALUATE
2025-12-19 12:00:06,211 - CricketBallTracker - INFO - Initializing detector of type: classical
2025-12-19 12:00:06,211 - CricketBallTracker - INFO - Configuration saved to /Users/bharat/Downloads/EDGEFLEET/results/classical/10_20251219_120006
2025-12-19 12:00:06,229 - CricketBallTracker - INFO - Output video will be saved to /Users/bharat/Downloads/EDGEFLEET/results/classical/10_20251219_120006/10_output.mp4
2025-12-19 12:00:06,257 - CricketBallTracker - DEBUG - Processing frame 1/202
2025-12-19 12:00:06,296 - CricketBallTracker - DEBUG - Processing frame 2/202
2025-12-19 12:00:06,346 - CricketBallTracker - DEBUG - Processing frame 3/202
2025-12-19 12:00:06,395 - CricketBallTracker - DEBUG - Processing frame 4/202
2025-12-19 12:00:06,438 - CricketBallTracker - DEBUG - Processing frame 5/202
2025-12-19 12:00:06,520 - CricketBallTracker - DEBUG - Processing frame 6/202
2025-12-19 12:00:06,580 - CricketBallTracker - DEBUG - Processing frame 7/202
2025-12-19 12:00:06,628 - CricketBallTracker - DEBUG - Processing frame 8/202
2025-12-19 12:00:06,677 - CricketBallTracker - DEBUG - Processing frame 9/202
2025-12-19 12:00:06,729 - CricketBallTracker - DEBUG - Processing frame 10/202
2025-12-19 12:00:06,786 - CricketBallTracker - DEBUG - Processing frame 11/202
2025-12-19 12:00:06,886 - CricketBallTracker - DEBUG - Processing frame 12/202
2025-12-19 12:00:06,927 - CricketBallTracker - DEBUG - Processing frame 13/202
2025-12-19 12:00:06,976 - CricketBallTracker - DEBUG - Processing frame 14/202
2025-12-19 12:00:07,020 - CricketBallTracker - DEBUG - Processing frame 15/202
2025-12-19 12:00:07,063 - CricketBallTracker - DEBUG - Processing frame 16/202
2025-12-19 12:00:07,104 - CricketBallTracker - DEBUG - Processing frame 17/202
2025-12-19 12:00:07,148 - CricketBallTracker - DEBUG - Processing frame 18/202
2025-12-19 12:00:07,189 - CricketBallTracker - DEBUG - Processing frame 19/202
2025-12-19 12:00:07,234 - CricketBallTracker - DEBUG - Processing frame 20/202
2025-12-19 12:00:07,277 - CricketBallTracker - DEBUG - Processing frame 21/202
2025-12-19 12:00:07,319 - CricketBallTracker - DEBUG - Processing frame 22/202
2025-12-19 12:00:07,361 - CricketBallTracker - DEBUG - Processing frame 23/202
2025-12-19 12:00:07,405 - CricketBallTracker - DEBUG - Processing frame 24/202
2025-12-19 12:00:07,447 - CricketBallTracker - DEBUG - Processing frame 25/202
2025-12-19 12:00:07,498 - CricketBallTracker - DEBUG - Processing frame 26/202
2025-12-19 12:00:07,541 - CricketBallTracker - DEBUG - Processing frame 27/202
2025-12-19 12:00:07,595 - CricketBallTracker - DEBUG - Processing frame 28/202
2025-12-19 12:00:07,657 - CricketBallTracker - DEBUG - Processing frame 29/202
2025-12-19 12:00:07,705 - CricketBallTracker - DEBUG - Processing frame 30/202
2025-12-19 12:00:07,757 - CricketBallTracker - DEBUG - Processing frame 31/202
2025-12-19 12:00:07,804 - CricketBallTracker - DEBUG - Processing frame 32/202
2025-12-19 12:00:07,847 - CricketBallTracker - DEBUG - Processing frame 33/202
2025-12-19 12:00:07,892 - CricketBallTracker - DEBUG - Processing frame 34/202
2025-12-19 12:00:07,937 - CricketBallTracker - DEBUG - Processing frame 35/202
2025-12-19 12:00:07,979 - CricketBallTracker - DEBUG - Processing frame 36/202
2025-12-19 12:00:08,022 - CricketBallTracker - DEBUG - Processing frame 37/202
2025-12-19 12:00:08,073 - CricketBallTracker - DEBUG - Processing frame 38/202
2025-12-19 12:00:08,120 - CricketBallTracker - DEBUG - Processing frame 39/202
2025-12-19 12:00:08,163 - CricketBallTracker - DEBUG - Processing frame 40/202
2025-12-19 12:00:08,207 - CricketBallTracker - DEBUG - Processing frame 41/202
2025-12-19 12:00:08,251 - CricketBallTracker - DEBUG - Processing frame 42/202
2025-12-19 12:00:08,294 - CricketBallTracker - DEBUG - Processing frame 43/202
2025-12-19 12:00:08,337 - CricketBallTracker - DEBUG - Processing frame 44/202
2025-12-19 12:00:08,381 - CricketBallTracker - DEBUG - Processing frame 45/202
2025-12-19 12:00:08,429 - CricketBallTracker - DEBUG - Processing frame 46/202
2025-12-19 12:00:08,475 - CricketBallTracker - DEBUG - Processing frame 47/202
2025-12-19 12:00:08,520 - CricketBallTracker - DEBUG - Processing frame 48/202
2025-12-19 12:00:08,563 - CricketBallTracker - DEBUG - Processing frame 49/202
2025-12-19 12:00:08,617 - CricketBallTracker - DEBUG - Processing frame 50/202
2025-12-19 12:00:08,669 - CricketBallTracker - INFO - Saved sample frame to /Users/bharat/Downloads/EDGEFLEET/results/classical/10_20251219_120006/sample_50.jpg
2025-12-19 12:00:08,674 - CricketBallTracker - DEBUG - Processing frame 51/202
2025-12-19 12:00:08,719 - CricketBallTracker - DEBUG - Processing frame 52/202
2025-12-19 12:00:08,765 - CricketBallTracker - DEBUG - Processing frame 53/202
2025-12-19 12:00:08,819 - CricketBallTracker - DEBUG - Processing frame 54/202
2025-12-19 12:00:08,875 - CricketBallTracker - DEBUG - Processing frame 55/202
2025-12-19 12:00:08,928 - CricketBallTracker - DEBUG - Processing frame 56/202
2025-12-19 12:00:08,985 - CricketBallTracker - DEBUG - Processing frame 57/202
2025-12-19 12:00:09,034 - CricketBallTracker - DEBUG - Processing frame 58/202
2025-12-19 12:00:09,083 - CricketBallTracker - DEBUG - Processing frame 59/202
2025-12-19 12:00:09,129 - CricketBallTracker - DEBUG - Processing frame 60/202
2025-12-19 12:00:09,177 - CricketBallTracker - DEBUG - Processing frame 61/202
2025-12-19 12:00:09,233 - CricketBallTracker - DEBUG - Processing frame 62/202
2025-12-19 12:00:09,284 - CricketBallTracker - DEBUG - Processing frame 63/202
2025-12-19 12:00:09,330 - CricketBallTracker - DEBUG - Processing frame 64/202
2025-12-19 12:00:09,378 - CricketBallTracker - DEBUG - Processing frame 65/202
2025-12-19 12:00:09,426 - CricketBallTracker - DEBUG - Processing frame 66/202
2025-12-19 12:00:09,473 - CricketBallTracker - DEBUG - Processing frame 67/202
2025-12-19 12:00:09,520 - CricketBallTracker - DEBUG - Processing frame 68/202
2025-12-19 12:00:09,568 - CricketBallTracker - DEBUG - Processing frame 69/202
2025-12-19 12:00:09,615 - CricketBallTracker - DEBUG - Processing frame 70/202
2025-12-19 12:00:09,662 - CricketBallTracker - DEBUG - Processing frame 71/202
2025-12-19 12:00:09,708 - CricketBallTracker - DEBUG - Processing frame 72/202
2025-12-19 12:00:09,757 - CricketBallTracker - DEBUG - Processing frame 73/202
2025-12-19 12:00:09,813 - CricketBallTracker - DEBUG - Processing frame 74/202
2025-12-19 12:00:09,862 - CricketBallTracker - DEBUG - Processing frame 75/202
2025-12-19 12:00:09,912 - CricketBallTracker - DEBUG - Processing frame 76/202
2025-12-19 12:00:09,964 - CricketBallTracker - DEBUG - Processing frame 77/202
2025-12-19 12:00:10,021 - CricketBallTracker - DEBUG - Processing frame 78/202
2025-12-19 12:00:10,073 - CricketBallTracker - DEBUG - Processing frame 79/202
2025-12-19 12:00:10,129 - CricketBallTracker - DEBUG - Processing frame 80/202
2025-12-19 12:00:10,177 - CricketBallTracker - DEBUG - Processing frame 81/202
2025-12-19 12:00:10,226 - CricketBallTracker - DEBUG - Processing frame 82/202
2025-12-19 12:00:10,272 - CricketBallTracker - DEBUG - Processing frame 83/202
2025-12-19 12:00:10,320 - CricketBallTracker - DEBUG - Processing frame 84/202
2025-12-19 12:00:10,367 - CricketBallTracker - DEBUG - Processing frame 85/202
2025-12-19 12:00:10,429 - CricketBallTracker - DEBUG - Processing frame 86/202
2025-12-19 12:00:10,476 - CricketBallTracker - DEBUG - Processing frame 87/202
2025-12-19 12:00:10,524 - CricketBallTracker - DEBUG - Processing frame 88/202
2025-12-19 12:00:10,571 - CricketBallTracker - DEBUG - Processing frame 89/202
2025-12-19 12:00:10,618 - CricketBallTracker - DEBUG - Processing frame 90/202
2025-12-19 12:00:10,665 - CricketBallTracker - DEBUG - Processing frame 91/202
2025-12-19 12:00:10,713 - CricketBallTracker - DEBUG - Processing frame 92/202
2025-12-19 12:00:10,762 - CricketBallTracker - DEBUG - Processing frame 93/202
2025-12-19 12:00:10,812 - CricketBallTracker - DEBUG - Processing frame 94/202
2025-12-19 12:00:10,860 - CricketBallTracker - DEBUG - Processing frame 95/202
2025-12-19 12:00:10,908 - CricketBallTracker - DEBUG - Processing frame 96/202
2025-12-19 12:00:10,955 - CricketBallTracker - DEBUG - Processing frame 97/202
2025-12-19 12:00:11,014 - CricketBallTracker - DEBUG - Processing frame 98/202
2025-12-19 12:00:11,075 - CricketBallTracker - DEBUG - Processing frame 99/202
2025-12-19 12:00:11,129 - CricketBallTracker - DEBUG - Processing frame 100/202
2025-12-19 12:00:11,193 - CricketBallTracker - INFO - Saved sample frame to /Users/bharat/Downloads/EDGEFLEET/results/classical/10_20251219_120006/sample_100.jpg
2025-12-19 12:00:11,202 - CricketBallTracker - DEBUG - Processing frame 101/202
2025-12-19 12:00:11,258 - CricketBallTracker - DEBUG - Processing frame 102/202
2025-12-19 12:00:11,311 - CricketBallTracker - DEBUG - Processing frame 103/202
2025-12-19 12:00:11,363 - CricketBallTracker - DEBUG - Processing frame 104/202
2025-12-19 12:00:11,416 - CricketBallTracker - DEBUG - Processing frame 105/202
2025-12-19 12:00:11,469 - CricketBallTracker - DEBUG - Processing frame 106/202
2025-12-19 12:00:11,519 - CricketBallTracker - DEBUG - Processing frame 107/202
2025-12-19 12:00:11,608 - CricketBallTracker - DEBUG - Processing frame 108/202
2025-12-19 12:00:11,658 - CricketBallTracker - DEBUG - Processing frame 109/202
2025-12-19 12:00:11,721 - CricketBallTracker - DEBUG - Processing frame 110/202
2025-12-19 12:00:11,779 - CricketBallTracker - DEBUG - Processing frame 111/202
2025-12-19 12:00:11,843 - CricketBallTracker - DEBUG - Processing frame 112/202
2025-12-19 12:00:11,897 - CricketBallTracker - DEBUG - Processing frame 113/202
2025-12-19 12:00:11,992 - CricketBallTracker - DEBUG - Processing frame 114/202
2025-12-19 12:00:12,037 - CricketBallTracker - DEBUG - Processing frame 115/202
2025-12-19 12:00:12,087 - CricketBallTracker - DEBUG - Processing frame 116/202
2025-12-19 12:00:12,134 - CricketBallTracker - DEBUG - Processing frame 117/202
2025-12-19 12:00:12,183 - CricketBallTracker - DEBUG - Processing frame 118/202
2025-12-19 12:00:12,231 - CricketBallTracker - DEBUG - Processing frame 119/202
2025-12-19 12:00:12,281 - CricketBallTracker - DEBUG - Processing frame 120/202
2025-12-19 12:00:12,328 - CricketBallTracker - DEBUG - Processing frame 121/202
2025-12-19 12:00:12,383 - CricketBallTracker - DEBUG - Processing frame 122/202
2025-12-19 12:00:12,431 - CricketBallTracker - DEBUG - Processing frame 123/202
2025-12-19 12:00:12,479 - CricketBallTracker - DEBUG - Processing frame 124/202
2025-12-19 12:00:12,527 - CricketBallTracker - DEBUG - Processing frame 125/202
2025-12-19 12:00:12,575 - CricketBallTracker - DEBUG - Processing frame 126/202
2025-12-19 12:00:12,626 - CricketBallTracker - DEBUG - Processing frame 127/202
2025-12-19 12:00:12,675 - CricketBallTracker - DEBUG - Processing frame 128/202
2025-12-19 12:00:12,725 - CricketBallTracker - DEBUG - Processing frame 129/202
2025-12-19 12:00:12,772 - CricketBallTracker - DEBUG - Processing frame 130/202
2025-12-19 12:00:12,818 - CricketBallTracker - DEBUG - Processing frame 131/202
2025-12-19 12:00:12,867 - CricketBallTracker - DEBUG - Processing frame 132/202
2025-12-19 12:00:12,914 - CricketBallTracker - DEBUG - Processing frame 133/202
2025-12-19 12:00:12,972 - CricketBallTracker - DEBUG - Processing frame 134/202
2025-12-19 12:00:13,020 - CricketBallTracker - DEBUG - Processing frame 135/202
2025-12-19 12:00:13,080 - CricketBallTracker - DEBUG - Processing frame 136/202
2025-12-19 12:00:13,130 - CricketBallTracker - DEBUG - Processing frame 137/202
2025-12-19 12:00:13,180 - CricketBallTracker - DEBUG - Processing frame 138/202
2025-12-19 12:00:13,229 - CricketBallTracker - DEBUG - Processing frame 139/202
2025-12-19 12:00:13,290 - CricketBallTracker - DEBUG - Processing frame 140/202
2025-12-19 12:00:13,338 - CricketBallTracker - DEBUG - Processing frame 141/202
2025-12-19 12:00:13,387 - CricketBallTracker - DEBUG - Processing frame 142/202
2025-12-19 12:00:13,434 - CricketBallTracker - DEBUG - Processing frame 143/202
2025-12-19 12:00:13,481 - CricketBallTracker - DEBUG - Processing frame 144/202
2025-12-19 12:00:13,531 - CricketBallTracker - DEBUG - Processing frame 145/202
2025-12-19 12:00:13,586 - CricketBallTracker - DEBUG - Processing frame 146/202
2025-12-19 12:00:13,635 - CricketBallTracker - DEBUG - Processing frame 147/202
2025-12-19 12:00:13,681 - CricketBallTracker - DEBUG - Processing frame 148/202
2025-12-19 12:00:13,727 - CricketBallTracker - DEBUG - Processing frame 149/202
2025-12-19 12:00:13,774 - CricketBallTracker - DEBUG - Processing frame 150/202
2025-12-19 12:00:13,829 - CricketBallTracker - INFO - Saved sample frame to /Users/bharat/Downloads/EDGEFLEET/results/classical/10_20251219_120006/sample_150.jpg
2025-12-19 12:00:13,833 - CricketBallTracker - DEBUG - Processing frame 151/202
2025-12-19 12:00:13,886 - CricketBallTracker - DEBUG - Processing frame 152/202
2025-12-19 12:00:13,934 - CricketBallTracker - DEBUG - Processing frame 153/202
2025-12-19 12:00:13,980 - CricketBallTracker - DEBUG - Processing frame 154/202
2025-12-19 12:00:14,029 - CricketBallTracker - DEBUG - Processing frame 155/202
2025-12-19 12:00:14,081 - CricketBallTracker - DEBUG - Processing frame 156/202
2025-12-19 12:00:14,148 - CricketBallTracker - DEBUG - Processing frame 157/202
2025-12-19 12:00:14,214 - CricketBallTracker - DEBUG - Processing frame 158/202
2025-12-19 12:00:14,268 - CricketBallTracker - DEBUG - Processing frame 159/202
2025-12-19 12:00:14,321 - CricketBallTracker - DEBUG - Processing frame 160/202
2025-12-19 12:00:14,375 - CricketBallTracker - DEBUG - Processing frame 161/202
2025-12-19 12:00:14,425 - CricketBallTracker - DEBUG - Processing frame 162/202
2025-12-19 12:00:14,474 - CricketBallTracker - DEBUG - Processing frame 163/202
2025-12-19 12:00:14,521 - CricketBallTracker - DEBUG - Processing frame 164/202
2025-12-19 12:00:14,568 - CricketBallTracker - DEBUG - Processing frame 165/202
2025-12-19 12:00:14,616 - CricketBallTracker - DEBUG - Processing frame 166/202
2025-12-19 12:00:14,663 - CricketBallTracker - DEBUG - Processing frame 167/202
2025-12-19 12:00:14,715 - CricketBallTracker - DEBUG - Processing frame 168/202
2025-12-19 12:00:14,767 - CricketBallTracker - DEBUG - Processing frame 169/202
2025-12-19 12:00:14,823 - CricketBallTracker - DEBUG - Processing frame 170/202
2025-12-19 12:00:14,875 - CricketBallTracker - DEBUG - Processing frame 171/202
2025-12-19 12:00:14,926 - CricketBallTracker - DEBUG - Processing frame 172/202
2025-12-19 12:00:14,974 - CricketBallTracker - DEBUG - Processing frame 173/202
2025-12-19 12:00:15,025 - CricketBallTracker - DEBUG - Processing frame 174/202
2025-12-19 12:00:15,076 - CricketBallTracker - DEBUG - Processing frame 175/202
2025-12-19 12:00:15,126 - CricketBallTracker - DEBUG - Processing frame 176/202
2025-12-19 12:00:15,178 - CricketBallTracker - DEBUG - Processing frame 177/202
2025-12-19 12:00:15,238 - CricketBallTracker - DEBUG - Processing frame 178/202
2025-12-19 12:00:15,291 - CricketBallTracker - DEBUG - Processing frame 179/202
2025-12-19 12:00:15,346 - CricketBallTracker - DEBUG - Processing frame 180/202
2025-12-19 12:00:15,402 - CricketBallTracker - DEBUG - Processing frame 181/202
2025-12-19 12:00:15,460 - CricketBallTracker - DEBUG - Processing frame 182/202
2025-12-19 12:00:15,509 - CricketBallTracker - DEBUG - Processing frame 183/202
2025-12-19 12:00:15,559 - CricketBallTracker - DEBUG - Processing frame 184/202
2025-12-19 12:00:15,608 - CricketBallTracker - DEBUG - Processing frame 185/202
2025-12-19 12:00:15,657 - CricketBallTracker - DEBUG - Processing frame 186/202
2025-12-19 12:00:15,707 - CricketBallTracker - DEBUG - Processing frame 187/202
2025-12-19 12:00:15,756 - CricketBallTracker - DEBUG - Processing frame 188/202
2025-12-19 12:00:15,808 - CricketBallTracker - DEBUG - Processing frame 189/202
2025-12-19 12:00:15,856 - CricketBallTracker - DEBUG - Processing frame 190/202
2025-12-19 12:00:15,916 - CricketBallTracker - DEBUG - Processing frame 191/202
2025-12-19 12:00:16,000 - CricketBallTracker - DEBUG - Processing frame 192/202
2025-12-19 12:00:16,064 - CricketBallTracker - DEBUG - Processing frame 193/202
2025-12-19 12:00:16,146 - CricketBallTracker - DEBUG - Processing frame 194/202
2025-12-19 12:00:16,216 - CricketBallTracker - DEBUG - Processing frame 195/202
2025-12-19 12:00:16,286 - CricketBallTracker - DEBUG - Processing frame 196/202
2025-12-19 12:00:16,356 - CricketBallTracker - DEBUG - Processing frame 197/202
2025-12-19 12:00:16,421 - CricketBallTracker - DEBUG - Processing frame 198/202
2025-12-19 12:00:16,472 - CricketBallTracker - DEBUG - Processing frame 199/202
2025-12-19 12:00:16,522 - CricketBallTracker - DEBUG - Processing frame 200/202
2025-12-19 12:00:16,582 - CricketBallTracker - INFO - Saved sample frame to /Users/bharat/Downloads/EDGEFLEET/results/classical/10_20251219_120006/sample_200.jpg
2025-12-19 12:00:16,586 - CricketBallTracker - DEBUG - Processing frame 201/202
2025-12-19 12:00:16,633 - CricketBallTracker - INFO - Annotations saved to /Users/bharat/Downloads/EDGEFLEET/annotations/classical/10_20251219_120006.csv
2025-12-19 12:00:16,633 - CricketBallTracker - INFO - Output video saved to /Users/bharat/Downloads/EDGEFLEET/results/classical/10_20251219_120006/10_output.mp4
2025-12-19 12:00:16,633 - CricketBallTracker - INFO - --- Performing Evaluation ---
2025-12-19 12:00:16,643 - CricketBallTracker - INFO - Evaluation Results: {
    "total_ground_truth_visible_balls": 141,
    "detected_balls_matched": 0,
    "recall": "0.0000",
    "precision": "0.0000",
    "mean_centroid_drift_pixels": "N/A"
}
2025-12-19 12:00:16,643 - CricketBallTracker - INFO - Evaluation metrics saved to /Users/bharat/Downloads/EDGEFLEET/results/classical/10_20251219_120006/evaluation_metrics.json
2025-12-19 12:00:16,644 - CricketBallTracker - INFO - --- Finished pipeline for: 10.mov ---
