2025-12-19 12:00:06,757 - CricketBallTracker - INFO - Pipeline run starting for 13 with ID: 20251219_120006
2025-12-19 12:00:06,757 - CricketBallTracker - INFO - Mode: EVALUATE
2025-12-19 12:00:06,757 - CricketBallTracker - INFO - Initializing detector of type: yolo
2025-12-19 12:00:06,782 - CricketBallTracker - INFO - Configuration saved to /Users/bharat/Downloads/EDGEFLEET/results/yolo/13_20251219_120006
2025-12-19 12:00:06,805 - CricketBallTracker - INFO - Output video will be saved to /Users/bharat/Downloads/EDGEFLEET/results/yolo/13_20251219_120006/13_output.mp4
2025-12-19 12:00:06,893 - CricketBallTracker - DEBUG - Processing frame 1/178
2025-12-19 12:00:06,969 - CricketBallTracker - DEBUG - Processing frame 2/178
2025-12-19 12:00:07,032 - CricketBallTracker - DEBUG - Processing frame 3/178
2025-12-19 12:00:07,088 - CricketBallTracker - DEBUG - Processing frame 4/178
2025-12-19 12:00:07,142 - CricketBallTracker - DEBUG - Processing frame 5/178
2025-12-19 12:00:07,194 - CricketBallTracker - DEBUG - Processing frame 6/178
2025-12-19 12:00:07,253 - CricketBallTracker - DEBUG - Processing frame 7/178
2025-12-19 12:00:07,306 - CricketBallTracker - DEBUG - Processing frame 8/178
2025-12-19 12:00:07,357 - CricketBallTracker - DEBUG - Processing frame 9/178
2025-12-19 12:00:07,414 - CricketBallTracker - DEBUG - Processing frame 10/178
2025-12-19 12:00:07,468 - CricketBallTracker - DEBUG - Processing frame 11/178
2025-12-19 12:00:07,518 - CricketBallTracker - DEBUG - Processing frame 12/178
2025-12-19 12:00:07,580 - CricketBallTracker - DEBUG - Processing frame 13/178
2025-12-19 12:00:07,666 - CricketBallTracker - DEBUG - Processing frame 14/178
2025-12-19 12:00:07,741 - CricketBallTracker - DEBUG - Processing frame 15/178
2025-12-19 12:00:07,821 - CricketBallTracker - DEBUG - Processing frame 16/178
2025-12-19 12:00:07,870 - CricketBallTracker - DEBUG - Processing frame 17/178
2025-12-19 12:00:07,922 - CricketBallTracker - DEBUG - Processing frame 18/178
2025-12-19 12:00:07,975 - CricketBallTracker - DEBUG - Processing frame 19/178
2025-12-19 12:00:08,029 - CricketBallTracker - DEBUG - Processing frame 20/178
2025-12-19 12:00:08,082 - CricketBallTracker - DEBUG - Processing frame 21/178
2025-12-19 12:00:08,134 - CricketBallTracker - DEBUG - Processing frame 22/178
2025-12-19 12:00:08,187 - CricketBallTracker - DEBUG - Processing frame 23/178
2025-12-19 12:00:08,238 - CricketBallTracker - DEBUG - Processing frame 24/178
2025-12-19 12:00:08,289 - CricketBallTracker - DEBUG - Processing frame 25/178
2025-12-19 12:00:08,347 - CricketBallTracker - DEBUG - Processing frame 26/178
2025-12-19 12:00:08,403 - CricketBallTracker - DEBUG - Processing frame 27/178
2025-12-19 12:00:08,456 - CricketBallTracker - DEBUG - Processing frame 28/178
2025-12-19 12:00:08,509 - CricketBallTracker - DEBUG - Processing frame 29/178
2025-12-19 12:00:08,559 - CricketBallTracker - DEBUG - Processing frame 30/178
2025-12-19 12:00:08,617 - CricketBallTracker - DEBUG - Processing frame 31/178
2025-12-19 12:00:08,668 - CricketBallTracker - DEBUG - Processing frame 32/178
2025-12-19 12:00:08,725 - CricketBallTracker - DEBUG - Processing frame 33/178
2025-12-19 12:00:08,796 - CricketBallTracker - DEBUG - Processing frame 34/178
2025-12-19 12:00:08,868 - CricketBallTracker - DEBUG - Processing frame 35/178
2025-12-19 12:00:08,945 - CricketBallTracker - DEBUG - Processing frame 36/178
2025-12-19 12:00:09,023 - CricketBallTracker - DEBUG - Processing frame 37/178
2025-12-19 12:00:09,089 - CricketBallTracker - DEBUG - Processing frame 38/178
2025-12-19 12:00:09,146 - CricketBallTracker - DEBUG - Processing frame 39/178
2025-12-19 12:00:09,196 - CricketBallTracker - DEBUG - Processing frame 40/178
2025-12-19 12:00:09,247 - CricketBallTracker - DEBUG - Processing frame 41/178
2025-12-19 12:00:09,297 - CricketBallTracker - DEBUG - Processing frame 42/178
2025-12-19 12:00:09,347 - CricketBallTracker - DEBUG - Processing frame 43/178
2025-12-19 12:00:09,397 - CricketBallTracker - DEBUG - Processing frame 44/178
2025-12-19 12:00:09,444 - CricketBallTracker - DEBUG - Processing frame 45/178
2025-12-19 12:00:09,493 - CricketBallTracker - DEBUG - Processing frame 46/178
2025-12-19 12:00:09,549 - CricketBallTracker - DEBUG - Processing frame 47/178
2025-12-19 12:00:09,602 - CricketBallTracker - DEBUG - Processing frame 48/178
2025-12-19 12:00:09,662 - CricketBallTracker - DEBUG - Processing frame 49/178
2025-12-19 12:00:09,733 - CricketBallTracker - DEBUG - Processing frame 50/178
2025-12-19 12:00:09,793 - CricketBallTracker - INFO - Saved sample frame to /Users/bharat/Downloads/EDGEFLEET/results/yolo/13_20251219_120006/sample_50.jpg
2025-12-19 12:00:09,798 - CricketBallTracker - DEBUG - Processing frame 51/178
2025-12-19 12:00:09,852 - CricketBallTracker - DEBUG - Processing frame 52/178
2025-12-19 12:00:09,900 - CricketBallTracker - DEBUG - Processing frame 53/178
2025-12-19 12:00:09,978 - CricketBallTracker - DEBUG - Processing frame 54/178
2025-12-19 12:00:10,064 - CricketBallTracker - DEBUG - Processing frame 55/178
2025-12-19 12:00:10,145 - CricketBallTracker - DEBUG - Processing frame 56/178
2025-12-19 12:00:10,201 - CricketBallTracker - DEBUG - Processing frame 57/178
2025-12-19 12:00:10,251 - CricketBallTracker - DEBUG - Processing frame 58/178
2025-12-19 12:00:10,308 - CricketBallTracker - DEBUG - Processing frame 59/178
2025-12-19 12:00:10,361 - CricketBallTracker - DEBUG - Processing frame 60/178
2025-12-19 12:00:10,417 - CricketBallTracker - DEBUG - Processing frame 61/178
2025-12-19 12:00:10,481 - CricketBallTracker - DEBUG - Processing frame 62/178
2025-12-19 12:00:10,533 - CricketBallTracker - DEBUG - Processing frame 63/178
2025-12-19 12:00:10,583 - CricketBallTracker - DEBUG - Processing frame 64/178
2025-12-19 12:00:10,635 - CricketBallTracker - DEBUG - Processing frame 65/178
2025-12-19 12:00:10,688 - CricketBallTracker - DEBUG - Processing frame 66/178
2025-12-19 12:00:10,742 - CricketBallTracker - DEBUG - Processing frame 67/178
2025-12-19 12:00:10,794 - CricketBallTracker - DEBUG - Processing frame 68/178
2025-12-19 12:00:10,854 - CricketBallTracker - DEBUG - Processing frame 69/178
2025-12-19 12:00:10,920 - CricketBallTracker - DEBUG - Processing frame 70/178
2025-12-19 12:00:10,970 - CricketBallTracker - DEBUG - Processing frame 71/178
2025-12-19 12:00:11,046 - CricketBallTracker - DEBUG - Processing frame 72/178
2025-12-19 12:00:11,138 - CricketBallTracker - DEBUG - Processing frame 73/178
2025-12-19 12:00:11,239 - CricketBallTracker - DEBUG - Processing frame 74/178
2025-12-19 12:00:11,318 - CricketBallTracker - DEBUG - Processing frame 75/178
2025-12-19 12:00:11,374 - CricketBallTracker - DEBUG - Processing frame 76/178
2025-12-19 12:00:11,430 - CricketBallTracker - DEBUG - Processing frame 77/178
2025-12-19 12:00:11,492 - CricketBallTracker - DEBUG - Processing frame 78/178
2025-12-19 12:00:11,588 - CricketBallTracker - DEBUG - Processing frame 79/178
2025-12-19 12:00:11,667 - CricketBallTracker - DEBUG - Processing frame 80/178
2025-12-19 12:00:11,746 - CricketBallTracker - DEBUG - Processing frame 81/178
2025-12-19 12:00:11,827 - CricketBallTracker - DEBUG - Processing frame 82/178
2025-12-19 12:00:11,911 - CricketBallTracker - DEBUG - Processing frame 83/178
2025-12-19 12:00:12,019 - CricketBallTracker - DEBUG - Processing frame 84/178
2025-12-19 12:00:12,076 - CricketBallTracker - DEBUG - Processing frame 85/178
2025-12-19 12:00:12,136 - CricketBallTracker - DEBUG - Processing frame 86/178
2025-12-19 12:00:12,190 - CricketBallTracker - DEBUG - Processing frame 87/178
2025-12-19 12:00:12,245 - CricketBallTracker - DEBUG - Processing frame 88/178
2025-12-19 12:00:12,294 - CricketBallTracker - DEBUG - Processing frame 89/178
2025-12-19 12:00:12,344 - CricketBallTracker - DEBUG - Processing frame 90/178
2025-12-19 12:00:12,399 - CricketBallTracker - DEBUG - Processing frame 91/178
2025-12-19 12:00:12,456 - CricketBallTracker - DEBUG - Processing frame 92/178
2025-12-19 12:00:12,514 - CricketBallTracker - DEBUG - Processing frame 93/178
2025-12-19 12:00:12,567 - CricketBallTracker - DEBUG - Processing frame 94/178
2025-12-19 12:00:12,618 - CricketBallTracker - DEBUG - Processing frame 95/178
2025-12-19 12:00:12,676 - CricketBallTracker - DEBUG - Processing frame 96/178
2025-12-19 12:00:12,729 - CricketBallTracker - DEBUG - Processing frame 97/178
2025-12-19 12:00:12,791 - CricketBallTracker - DEBUG - Processing frame 98/178
2025-12-19 12:00:12,842 - CricketBallTracker - DEBUG - Processing frame 99/178
2025-12-19 12:00:12,891 - CricketBallTracker - DEBUG - Processing frame 100/178
2025-12-19 12:00:12,950 - CricketBallTracker - INFO - Saved sample frame to /Users/bharat/Downloads/EDGEFLEET/results/yolo/13_20251219_120006/sample_100.jpg
2025-12-19 12:00:12,954 - CricketBallTracker - DEBUG - Processing frame 101/178
2025-12-19 12:00:13,008 - CricketBallTracker - DEBUG - Processing frame 102/178
2025-12-19 12:00:13,062 - CricketBallTracker - DEBUG - Processing frame 103/178
2025-12-19 12:00:13,153 - CricketBallTracker - DEBUG - Processing frame 104/178
2025-12-19 12:00:13,240 - CricketBallTracker - DEBUG - Processing frame 105/178
2025-12-19 12:00:13,321 - CricketBallTracker - DEBUG - Processing frame 106/178
2025-12-19 12:00:13,371 - CricketBallTracker - DEBUG - Processing frame 107/178
2025-12-19 12:00:13,423 - CricketBallTracker - DEBUG - Processing frame 108/178
2025-12-19 12:00:13,481 - CricketBallTracker - DEBUG - Processing frame 109/178
2025-12-19 12:00:13,543 - CricketBallTracker - DEBUG - Processing frame 110/178
2025-12-19 12:00:13,596 - CricketBallTracker - DEBUG - Processing frame 111/178
2025-12-19 12:00:13,652 - CricketBallTracker - DEBUG - Processing frame 112/178
2025-12-19 12:00:13,705 - CricketBallTracker - DEBUG - Processing frame 113/178
2025-12-19 12:00:13,756 - CricketBallTracker - DEBUG - Processing frame 114/178
2025-12-19 12:00:13,811 - CricketBallTracker - DEBUG - Processing frame 115/178
2025-12-19 12:00:13,886 - CricketBallTracker - DEBUG - Processing frame 116/178
2025-12-19 12:00:13,954 - CricketBallTracker - DEBUG - Processing frame 117/178
2025-12-19 12:00:14,008 - CricketBallTracker - DEBUG - Processing frame 118/178
2025-12-19 12:00:14,063 - CricketBallTracker - DEBUG - Processing frame 119/178
2025-12-19 12:00:14,135 - CricketBallTracker - DEBUG - Processing frame 120/178
2025-12-19 12:00:14,208 - CricketBallTracker - DEBUG - Processing frame 121/178
2025-12-19 12:00:14,302 - CricketBallTracker - DEBUG - Processing frame 122/178
2025-12-19 12:00:14,353 - CricketBallTracker - DEBUG - Processing frame 123/178
2025-12-19 12:00:14,406 - CricketBallTracker - DEBUG - Processing frame 124/178
2025-12-19 12:00:14,454 - CricketBallTracker - DEBUG - Processing frame 125/178
2025-12-19 12:00:14,504 - CricketBallTracker - DEBUG - Processing frame 126/178
2025-12-19 12:00:14,561 - CricketBallTracker - DEBUG - Processing frame 127/178
2025-12-19 12:00:14,614 - CricketBallTracker - DEBUG - Processing frame 128/178
2025-12-19 12:00:14,668 - CricketBallTracker - DEBUG - Processing frame 129/178
2025-12-19 12:00:14,725 - CricketBallTracker - DEBUG - Processing frame 130/178
2025-12-19 12:00:14,774 - CricketBallTracker - DEBUG - Processing frame 131/178
2025-12-19 12:00:14,827 - CricketBallTracker - DEBUG - Processing frame 132/178
2025-12-19 12:00:14,879 - CricketBallTracker - DEBUG - Processing frame 133/178
2025-12-19 12:00:14,938 - CricketBallTracker - DEBUG - Processing frame 134/178
2025-12-19 12:00:14,990 - CricketBallTracker - DEBUG - Processing frame 135/178
2025-12-19 12:00:15,046 - CricketBallTracker - DEBUG - Processing frame 136/178
2025-12-19 12:00:15,095 - CricketBallTracker - DEBUG - Processing frame 137/178
2025-12-19 12:00:15,144 - CricketBallTracker - DEBUG - Processing frame 138/178
2025-12-19 12:00:15,194 - CricketBallTracker - DEBUG - Processing frame 139/178
2025-12-19 12:00:15,240 - CricketBallTracker - DEBUG - Processing frame 140/178
2025-12-19 12:00:15,292 - CricketBallTracker - DEBUG - Processing frame 141/178
2025-12-19 12:00:15,340 - CricketBallTracker - DEBUG - Processing frame 142/178
2025-12-19 12:00:15,391 - CricketBallTracker - DEBUG - Processing frame 143/178
2025-12-19 12:00:15,441 - CricketBallTracker - DEBUG - Processing frame 144/178
2025-12-19 12:00:15,494 - CricketBallTracker - DEBUG - Processing frame 145/178
2025-12-19 12:00:15,556 - CricketBallTracker - DEBUG - Processing frame 146/178
2025-12-19 12:00:15,609 - CricketBallTracker - DEBUG - Processing frame 147/178
2025-12-19 12:00:15,660 - CricketBallTracker - DEBUG - Processing frame 148/178
2025-12-19 12:00:15,715 - CricketBallTracker - DEBUG - Processing frame 149/178
2025-12-19 12:00:15,762 - CricketBallTracker - DEBUG - Processing frame 150/178
2025-12-19 12:00:15,820 - CricketBallTracker - INFO - Saved sample frame to /Users/bharat/Downloads/EDGEFLEET/results/yolo/13_20251219_120006/sample_150.jpg
2025-12-19 12:00:15,824 - CricketBallTracker - DEBUG - Processing frame 151/178
2025-12-19 12:00:15,874 - CricketBallTracker - DEBUG - Processing frame 152/178
2025-12-19 12:00:16,013 - CricketBallTracker - DEBUG - Processing frame 153/178
2025-12-19 12:00:16,102 - CricketBallTracker - DEBUG - Processing frame 154/178
2025-12-19 12:00:16,199 - CricketBallTracker - DEBUG - Processing frame 155/178
2025-12-19 12:00:16,314 - CricketBallTracker - DEBUG - Processing frame 156/178
2025-12-19 12:00:16,396 - CricketBallTracker - DEBUG - Processing frame 157/178
2025-12-19 12:00:16,485 - CricketBallTracker - DEBUG - Processing frame 158/178
2025-12-19 12:00:16,537 - CricketBallTracker - DEBUG - Processing frame 159/178
2025-12-19 12:00:16,592 - CricketBallTracker - DEBUG - Processing frame 160/178
2025-12-19 12:00:16,647 - CricketBallTracker - DEBUG - Processing frame 161/178
2025-12-19 12:00:16,707 - CricketBallTracker - DEBUG - Processing frame 162/178
2025-12-19 12:00:16,812 - CricketBallTracker - DEBUG - Processing frame 163/178
2025-12-19 12:00:16,864 - CricketBallTracker - DEBUG - Processing frame 164/178
2025-12-19 12:00:16,927 - CricketBallTracker - DEBUG - Processing frame 165/178
2025-12-19 12:00:17,003 - CricketBallTracker - DEBUG - Processing frame 166/178
2025-12-19 12:00:17,076 - CricketBallTracker - DEBUG - Processing frame 167/178
2025-12-19 12:00:17,147 - CricketBallTracker - DEBUG - Processing frame 168/178
2025-12-19 12:00:17,248 - CricketBallTracker - DEBUG - Processing frame 169/178
2025-12-19 12:00:17,303 - CricketBallTracker - DEBUG - Processing frame 170/178
2025-12-19 12:00:17,348 - CricketBallTracker - DEBUG - Processing frame 171/178
2025-12-19 12:00:17,389 - CricketBallTracker - DEBUG - Processing frame 172/178
2025-12-19 12:00:17,433 - CricketBallTracker - DEBUG - Processing frame 173/178
2025-12-19 12:00:17,476 - CricketBallTracker - DEBUG - Processing frame 174/178
2025-12-19 12:00:17,520 - CricketBallTracker - DEBUG - Processing frame 175/178
2025-12-19 12:00:17,567 - CricketBallTracker - DEBUG - Processing frame 176/178
2025-12-19 12:00:17,611 - CricketBallTracker - DEBUG - Processing frame 177/178
2025-12-19 12:00:17,656 - CricketBallTracker - DEBUG - Processing frame 178/178
2025-12-19 12:00:17,699 - CricketBallTracker - INFO - Annotations saved to /Users/bharat/Downloads/EDGEFLEET/annotations/yolo/13_20251219_120006.csv
2025-12-19 12:00:17,699 - CricketBallTracker - INFO - Output video saved to /Users/bharat/Downloads/EDGEFLEET/results/yolo/13_20251219_120006/13_output.mp4
2025-12-19 12:00:17,699 - CricketBallTracker - INFO - --- Performing Evaluation ---
2025-12-19 12:00:17,705 - CricketBallTracker - INFO - Evaluation Results: {
    "total_ground_truth_visible_balls": 88,
    "detected_balls_matched": 2,
    "recall": "0.0227",
    "precision": "0.0339",
    "mean_centroid_drift_pixels": "17.54"
}
2025-12-19 12:00:17,706 - CricketBallTracker - INFO - Evaluation metrics saved to /Users/bharat/Downloads/EDGEFLEET/results/yolo/13_20251219_120006/evaluation_metrics.json
2025-12-19 12:00:17,706 - CricketBallTracker - INFO - --- Finished pipeline for: 13.mov ---
2025-12-19 12:00:17,706 - CricketBallTracker - INFO - --- Starting pipeline for: 11.mov ---
2025-12-19 12:00:17,707 - CricketBallTracker - INFO - Pipeline run starting for 11 with ID: 20251219_120017
2025-12-19 12:00:17,707 - CricketBallTracker - INFO - Mode: EVALUATE
2025-12-19 12:00:17,707 - CricketBallTracker - INFO - Initializing detector of type: yolo
2025-12-19 12:00:17,727 - CricketBallTracker - INFO - Configuration saved to /Users/bharat/Downloads/EDGEFLEET/results/yolo/11_20251219_120017
2025-12-19 12:00:17,755 - CricketBallTracker - INFO - Output video will be saved to /Users/bharat/Downloads/EDGEFLEET/results/yolo/11_20251219_120017/11_output.mp4
2025-12-19 12:00:17,788 - CricketBallTracker - DEBUG - Processing frame 1/177
2025-12-19 12:00:17,859 - CricketBallTracker - DEBUG - Processing frame 2/177
2025-12-19 12:00:17,918 - CricketBallTracker - DEBUG - Processing frame 3/177
2025-12-19 12:00:17,985 - CricketBallTracker - DEBUG - Processing frame 4/177
2025-12-19 12:00:18,051 - CricketBallTracker - DEBUG - Processing frame 5/177
2025-12-19 12:00:18,124 - CricketBallTracker - DEBUG - Processing frame 6/177
2025-12-19 12:00:18,176 - CricketBallTracker - DEBUG - Processing frame 7/177
2025-12-19 12:00:18,222 - CricketBallTracker - DEBUG - Processing frame 8/177
2025-12-19 12:00:18,268 - CricketBallTracker - DEBUG - Processing frame 9/177
2025-12-19 12:00:18,320 - CricketBallTracker - DEBUG - Processing frame 10/177
2025-12-19 12:00:18,369 - CricketBallTracker - DEBUG - Processing frame 11/177
2025-12-19 12:00:18,415 - CricketBallTracker - DEBUG - Processing frame 12/177
2025-12-19 12:00:18,460 - CricketBallTracker - DEBUG - Processing frame 13/177
2025-12-19 12:00:18,519 - CricketBallTracker - DEBUG - Processing frame 14/177
2025-12-19 12:00:18,568 - CricketBallTracker - DEBUG - Processing frame 15/177
2025-12-19 12:00:18,613 - CricketBallTracker - DEBUG - Processing frame 16/177
2025-12-19 12:00:18,658 - CricketBallTracker - DEBUG - Processing frame 17/177
2025-12-19 12:00:18,705 - CricketBallTracker - DEBUG - Processing frame 18/177
2025-12-19 12:00:18,751 - CricketBallTracker - DEBUG - Processing frame 19/177
2025-12-19 12:00:18,794 - CricketBallTracker - DEBUG - Processing frame 20/177
2025-12-19 12:00:18,841 - CricketBallTracker - DEBUG - Processing frame 21/177
2025-12-19 12:00:18,887 - CricketBallTracker - DEBUG - Processing frame 22/177
2025-12-19 12:00:18,933 - CricketBallTracker - DEBUG - Processing frame 23/177
2025-12-19 12:00:18,985 - CricketBallTracker - DEBUG - Processing frame 24/177
2025-12-19 12:00:19,035 - CricketBallTracker - DEBUG - Processing frame 25/177
2025-12-19 12:00:19,094 - CricketBallTracker - DEBUG - Processing frame 26/177
2025-12-19 12:00:19,141 - CricketBallTracker - DEBUG - Processing frame 27/177
2025-12-19 12:00:19,186 - CricketBallTracker - DEBUG - Processing frame 28/177
2025-12-19 12:00:19,233 - CricketBallTracker - DEBUG - Processing frame 29/177
2025-12-19 12:00:19,282 - CricketBallTracker - DEBUG - Processing frame 30/177
2025-12-19 12:00:19,327 - CricketBallTracker - DEBUG - Processing frame 31/177
2025-12-19 12:00:19,371 - CricketBallTracker - DEBUG - Processing frame 32/177
2025-12-19 12:00:19,415 - CricketBallTracker - DEBUG - Processing frame 33/177
2025-12-19 12:00:19,462 - CricketBallTracker - DEBUG - Processing frame 34/177
2025-12-19 12:00:19,509 - CricketBallTracker - DEBUG - Processing frame 35/177
2025-12-19 12:00:19,555 - CricketBallTracker - DEBUG - Processing frame 36/177
2025-12-19 12:00:19,688 - CricketBallTracker - DEBUG - Processing frame 37/177
2025-12-19 12:00:19,748 - CricketBallTracker - DEBUG - Processing frame 38/177
2025-12-19 12:00:19,794 - CricketBallTracker - DEBUG - Processing frame 39/177
2025-12-19 12:00:19,839 - CricketBallTracker - DEBUG - Processing frame 40/177
2025-12-19 12:00:19,884 - CricketBallTracker - DEBUG - Processing frame 41/177
2025-12-19 12:00:19,928 - CricketBallTracker - DEBUG - Processing frame 42/177
2025-12-19 12:00:19,974 - CricketBallTracker - DEBUG - Processing frame 43/177
2025-12-19 12:00:20,019 - CricketBallTracker - DEBUG - Processing frame 44/177
2025-12-19 12:00:20,064 - CricketBallTracker - DEBUG - Processing frame 45/177
2025-12-19 12:00:20,108 - CricketBallTracker - DEBUG - Processing frame 46/177
2025-12-19 12:00:20,153 - CricketBallTracker - DEBUG - Processing frame 47/177
2025-12-19 12:00:20,201 - CricketBallTracker - DEBUG - Processing frame 48/177
2025-12-19 12:00:20,246 - CricketBallTracker - DEBUG - Processing frame 49/177
2025-12-19 12:00:20,305 - CricketBallTracker - DEBUG - Processing frame 50/177
2025-12-19 12:00:20,358 - CricketBallTracker - INFO - Saved sample frame to /Users/bharat/Downloads/EDGEFLEET/results/yolo/11_20251219_120017/sample_50.jpg
2025-12-19 12:00:20,362 - CricketBallTracker - DEBUG - Processing frame 51/177
2025-12-19 12:00:20,411 - CricketBallTracker - DEBUG - Processing frame 52/177
2025-12-19 12:00:20,458 - CricketBallTracker - DEBUG - Processing frame 53/177
2025-12-19 12:00:20,519 - CricketBallTracker - DEBUG - Processing frame 54/177
2025-12-19 12:00:20,581 - CricketBallTracker - DEBUG - Processing frame 55/177
2025-12-19 12:00:20,639 - CricketBallTracker - DEBUG - Processing frame 56/177
2025-12-19 12:00:20,699 - CricketBallTracker - DEBUG - Processing frame 57/177
2025-12-19 12:00:20,742 - CricketBallTracker - DEBUG - Processing frame 58/177
2025-12-19 12:00:20,787 - CricketBallTracker - DEBUG - Processing frame 59/177
2025-12-19 12:00:20,833 - CricketBallTracker - DEBUG - Processing frame 60/177
2025-12-19 12:00:20,879 - CricketBallTracker - DEBUG - Processing frame 61/177
2025-12-19 12:00:20,934 - CricketBallTracker - DEBUG - Processing frame 62/177
2025-12-19 12:00:20,982 - CricketBallTracker - DEBUG - Processing frame 63/177
2025-12-19 12:00:21,042 - CricketBallTracker - DEBUG - Processing frame 64/177
2025-12-19 12:00:21,085 - CricketBallTracker - DEBUG - Processing frame 65/177
2025-12-19 12:00:21,135 - CricketBallTracker - DEBUG - Processing frame 66/177
2025-12-19 12:00:21,215 - CricketBallTracker - DEBUG - Processing frame 67/177
2025-12-19 12:00:21,285 - CricketBallTracker - DEBUG - Processing frame 68/177
2025-12-19 12:00:21,352 - CricketBallTracker - DEBUG - Processing frame 69/177
2025-12-19 12:00:21,415 - CricketBallTracker - DEBUG - Processing frame 70/177
2025-12-19 12:00:21,465 - CricketBallTracker - DEBUG - Processing frame 71/177
2025-12-19 12:00:21,516 - CricketBallTracker - DEBUG - Processing frame 72/177
2025-12-19 12:00:21,562 - CricketBallTracker - DEBUG - Processing frame 73/177
2025-12-19 12:00:21,623 - CricketBallTracker - DEBUG - Processing frame 74/177
2025-12-19 12:00:21,711 - CricketBallTracker - DEBUG - Processing frame 75/177
2025-12-19 12:00:21,758 - CricketBallTracker - DEBUG - Processing frame 76/177
2025-12-19 12:00:21,803 - CricketBallTracker - DEBUG - Processing frame 77/177
2025-12-19 12:00:21,847 - CricketBallTracker - DEBUG - Processing frame 78/177
2025-12-19 12:00:21,893 - CricketBallTracker - DEBUG - Processing frame 79/177
2025-12-19 12:00:21,941 - CricketBallTracker - DEBUG - Processing frame 80/177
2025-12-19 12:00:21,989 - CricketBallTracker - DEBUG - Processing frame 81/177
2025-12-19 12:00:22,036 - CricketBallTracker - DEBUG - Processing frame 82/177
2025-12-19 12:00:22,084 - CricketBallTracker - DEBUG - Processing frame 83/177
2025-12-19 12:00:22,131 - CricketBallTracker - DEBUG - Processing frame 84/177
2025-12-19 12:00:22,177 - CricketBallTracker - DEBUG - Processing frame 85/177
2025-12-19 12:00:22,233 - CricketBallTracker - DEBUG - Processing frame 86/177
2025-12-19 12:00:22,281 - CricketBallTracker - DEBUG - Processing frame 87/177
2025-12-19 12:00:22,327 - CricketBallTracker - DEBUG - Processing frame 88/177
2025-12-19 12:00:22,374 - CricketBallTracker - DEBUG - Processing frame 89/177
2025-12-19 12:00:22,419 - CricketBallTracker - DEBUG - Processing frame 90/177
2025-12-19 12:00:22,465 - CricketBallTracker - DEBUG - Processing frame 91/177
2025-12-19 12:00:22,511 - CricketBallTracker - DEBUG - Processing frame 92/177
2025-12-19 12:00:22,557 - CricketBallTracker - DEBUG - Processing frame 93/177
2025-12-19 12:00:22,605 - CricketBallTracker - DEBUG - Processing frame 94/177
2025-12-19 12:00:22,662 - CricketBallTracker - DEBUG - Processing frame 95/177
2025-12-19 12:00:22,705 - CricketBallTracker - DEBUG - Processing frame 96/177
2025-12-19 12:00:22,751 - CricketBallTracker - DEBUG - Processing frame 97/177
2025-12-19 12:00:22,807 - CricketBallTracker - DEBUG - Processing frame 98/177
2025-12-19 12:00:22,853 - CricketBallTracker - DEBUG - Processing frame 99/177
2025-12-19 12:00:22,900 - CricketBallTracker - DEBUG - Processing frame 100/177
2025-12-19 12:00:22,951 - CricketBallTracker - INFO - Saved sample frame to /Users/bharat/Downloads/EDGEFLEET/results/yolo/11_20251219_120017/sample_100.jpg
2025-12-19 12:00:22,956 - CricketBallTracker - DEBUG - Processing frame 101/177
2025-12-19 12:00:23,004 - CricketBallTracker - DEBUG - Processing frame 102/177
2025-12-19 12:00:23,055 - CricketBallTracker - DEBUG - Processing frame 103/177
2025-12-19 12:00:23,116 - CricketBallTracker - DEBUG - Processing frame 104/177
2025-12-19 12:00:23,189 - CricketBallTracker - DEBUG - Processing frame 105/177
2025-12-19 12:00:23,249 - CricketBallTracker - DEBUG - Processing frame 106/177
2025-12-19 12:00:23,352 - CricketBallTracker - DEBUG - Processing frame 107/177
2025-12-19 12:00:23,409 - CricketBallTracker - DEBUG - Processing frame 108/177
2025-12-19 12:00:23,459 - CricketBallTracker - DEBUG - Processing frame 109/177
2025-12-19 12:00:23,514 - CricketBallTracker - DEBUG - Processing frame 110/177
2025-12-19 12:00:23,561 - CricketBallTracker - DEBUG - Processing frame 111/177
2025-12-19 12:00:23,608 - CricketBallTracker - DEBUG - Processing frame 112/177
2025-12-19 12:00:23,654 - CricketBallTracker - DEBUG - Processing frame 113/177
2025-12-19 12:00:23,701 - CricketBallTracker - DEBUG - Processing frame 114/177
2025-12-19 12:00:23,747 - CricketBallTracker - DEBUG - Processing frame 115/177
2025-12-19 12:00:23,795 - CricketBallTracker - DEBUG - Processing frame 116/177
2025-12-19 12:00:23,842 - CricketBallTracker - DEBUG - Processing frame 117/177
2025-12-19 12:00:23,891 - CricketBallTracker - DEBUG - Processing frame 118/177
2025-12-19 12:00:23,937 - CricketBallTracker - DEBUG - Processing frame 119/177
2025-12-19 12:00:23,984 - CricketBallTracker - DEBUG - Processing frame 120/177
2025-12-19 12:00:24,038 - CricketBallTracker - DEBUG - Processing frame 121/177
2025-12-19 12:00:24,097 - CricketBallTracker - DEBUG - Processing frame 122/177
2025-12-19 12:00:24,147 - CricketBallTracker - DEBUG - Processing frame 123/177
2025-12-19 12:00:24,195 - CricketBallTracker - DEBUG - Processing frame 124/177
2025-12-19 12:00:24,241 - CricketBallTracker - DEBUG - Processing frame 125/177
2025-12-19 12:00:24,291 - CricketBallTracker - DEBUG - Processing frame 126/177
2025-12-19 12:00:24,335 - CricketBallTracker - DEBUG - Processing frame 127/177
2025-12-19 12:00:24,387 - CricketBallTracker - DEBUG - Processing frame 128/177
2025-12-19 12:00:24,436 - CricketBallTracker - DEBUG - Processing frame 129/177
2025-12-19 12:00:24,482 - CricketBallTracker - DEBUG - Processing frame 130/177
2025-12-19 12:00:24,528 - CricketBallTracker - DEBUG - Processing frame 131/177
2025-12-19 12:00:24,576 - CricketBallTracker - DEBUG - Processing frame 132/177
2025-12-19 12:00:24,623 - CricketBallTracker - DEBUG - Processing frame 133/177
2025-12-19 12:00:24,679 - CricketBallTracker - DEBUG - Processing frame 134/177
2025-12-19 12:00:24,726 - CricketBallTracker - DEBUG - Processing frame 135/177
2025-12-19 12:00:24,777 - CricketBallTracker - DEBUG - Processing frame 136/177
2025-12-19 12:00:24,823 - CricketBallTracker - DEBUG - Processing frame 137/177
2025-12-19 12:00:24,871 - CricketBallTracker - DEBUG - Processing frame 138/177
2025-12-19 12:00:24,917 - CricketBallTracker - DEBUG - Processing frame 139/177
2025-12-19 12:00:24,964 - CricketBallTracker - DEBUG - Processing frame 140/177
2025-12-19 12:00:25,011 - CricketBallTracker - DEBUG - Processing frame 141/177
2025-12-19 12:00:25,060 - CricketBallTracker - DEBUG - Processing frame 142/177
2025-12-19 12:00:25,111 - CricketBallTracker - DEBUG - Processing frame 143/177
2025-12-19 12:00:25,160 - CricketBallTracker - DEBUG - Processing frame 144/177
2025-12-19 12:00:25,209 - CricketBallTracker - DEBUG - Processing frame 145/177
2025-12-19 12:00:25,268 - CricketBallTracker - DEBUG - Processing frame 146/177
2025-12-19 12:00:25,314 - CricketBallTracker - DEBUG - Processing frame 147/177
2025-12-19 12:00:25,359 - CricketBallTracker - DEBUG - Processing frame 148/177
2025-12-19 12:00:25,407 - CricketBallTracker - DEBUG - Processing frame 149/177
2025-12-19 12:00:25,453 - CricketBallTracker - DEBUG - Processing frame 150/177
2025-12-19 12:00:25,511 - CricketBallTracker - INFO - Saved sample frame to /Users/bharat/Downloads/EDGEFLEET/results/yolo/11_20251219_120017/sample_150.jpg
2025-12-19 12:00:25,515 - CricketBallTracker - DEBUG - Processing frame 151/177
2025-12-19 12:00:25,564 - CricketBallTracker - DEBUG - Processing frame 152/177
2025-12-19 12:00:25,611 - CricketBallTracker - DEBUG - Processing frame 153/177
2025-12-19 12:00:25,671 - CricketBallTracker - DEBUG - Processing frame 154/177
2025-12-19 12:00:25,732 - CricketBallTracker - DEBUG - Processing frame 155/177
2025-12-19 12:00:25,798 - CricketBallTracker - DEBUG - Processing frame 156/177
2025-12-19 12:00:25,865 - CricketBallTracker - DEBUG - Processing frame 157/177
2025-12-19 12:00:25,922 - CricketBallTracker - DEBUG - Processing frame 158/177
2025-12-19 12:00:25,966 - CricketBallTracker - DEBUG - Processing frame 159/177
2025-12-19 12:00:26,012 - CricketBallTracker - DEBUG - Processing frame 160/177
2025-12-19 12:00:26,072 - CricketBallTracker - DEBUG - Processing frame 161/177
2025-12-19 12:00:26,115 - CricketBallTracker - DEBUG - Processing frame 162/177
2025-12-19 12:00:26,163 - CricketBallTracker - DEBUG - Processing frame 163/177
2025-12-19 12:00:26,229 - CricketBallTracker - DEBUG - Processing frame 164/177
2025-12-19 12:00:26,299 - CricketBallTracker - DEBUG - Processing frame 165/177
2025-12-19 12:00:26,366 - CricketBallTracker - DEBUG - Processing frame 166/177
2025-12-19 12:00:26,434 - CricketBallTracker - DEBUG - Processing frame 167/177
2025-12-19 12:00:26,484 - CricketBallTracker - DEBUG - Processing frame 168/177
2025-12-19 12:00:26,532 - CricketBallTracker - DEBUG - Processing frame 169/177
2025-12-19 12:00:26,590 - CricketBallTracker - DEBUG - Processing frame 170/177
2025-12-19 12:00:26,638 - CricketBallTracker - DEBUG - Processing frame 171/177
2025-12-19 12:00:26,690 - CricketBallTracker - DEBUG - Processing frame 172/177
2025-12-19 12:00:26,781 - CricketBallTracker - DEBUG - Processing frame 173/177
2025-12-19 12:00:26,828 - CricketBallTracker - DEBUG - Processing frame 174/177
2025-12-19 12:00:26,874 - CricketBallTracker - DEBUG - Processing frame 175/177
2025-12-19 12:00:26,921 - CricketBallTracker - DEBUG - Processing frame 176/177
2025-12-19 12:00:26,967 - CricketBallTracker - DEBUG - Processing frame 177/177
2025-12-19 12:00:27,027 - CricketBallTracker - INFO - Annotations saved to /Users/bharat/Downloads/EDGEFLEET/annotations/yolo/11_20251219_120017.csv
2025-12-19 12:00:27,027 - CricketBallTracker - INFO - Output video saved to /Users/bharat/Downloads/EDGEFLEET/results/yolo/11_20251219_120017/11_output.mp4
2025-12-19 12:00:27,027 - CricketBallTracker - INFO - --- Performing Evaluation ---
2025-12-19 12:00:27,032 - CricketBallTracker - INFO - Evaluation Results: {
    "total_ground_truth_visible_balls": 91,
    "detected_balls_matched": 0,
    "recall": "0.0000",
    "precision": "0.0000",
    "mean_centroid_drift_pixels": "N/A"
}
2025-12-19 12:00:27,032 - CricketBallTracker - INFO - Evaluation metrics saved to /Users/bharat/Downloads/EDGEFLEET/results/yolo/11_20251219_120017/evaluation_metrics.json
2025-12-19 12:00:27,033 - CricketBallTracker - INFO - --- Finished pipeline for: 11.mov ---
2025-12-19 12:00:27,033 - CricketBallTracker - INFO - --- Starting pipeline for: 10.mov ---
2025-12-19 12:00:27,033 - CricketBallTracker - INFO - Pipeline run starting for 10 with ID: 20251219_120027
2025-12-19 12:00:27,034 - CricketBallTracker - INFO - Mode: EVALUATE
2025-12-19 12:00:27,034 - CricketBallTracker - INFO - Initializing detector of type: yolo
2025-12-19 12:00:27,047 - CricketBallTracker - INFO - Configuration saved to /Users/bharat/Downloads/EDGEFLEET/results/yolo/10_20251219_120027
2025-12-19 12:00:27,063 - CricketBallTracker - INFO - Output video will be saved to /Users/bharat/Downloads/EDGEFLEET/results/yolo/10_20251219_120027/10_output.mp4
2025-12-19 12:00:27,090 - CricketBallTracker - DEBUG - Processing frame 1/202
2025-12-19 12:00:27,158 - CricketBallTracker - DEBUG - Processing frame 2/202
2025-12-19 12:00:27,222 - CricketBallTracker - DEBUG - Processing frame 3/202
2025-12-19 12:00:27,288 - CricketBallTracker - DEBUG - Processing frame 4/202
2025-12-19 12:00:27,348 - CricketBallTracker - DEBUG - Processing frame 5/202
2025-12-19 12:00:27,421 - CricketBallTracker - DEBUG - Processing frame 6/202
2025-12-19 12:00:27,503 - CricketBallTracker - DEBUG - Processing frame 7/202
2025-12-19 12:00:27,550 - CricketBallTracker - DEBUG - Processing frame 8/202
2025-12-19 12:00:27,595 - CricketBallTracker - DEBUG - Processing frame 9/202
2025-12-19 12:00:27,646 - CricketBallTracker - DEBUG - Processing frame 10/202
2025-12-19 12:00:27,690 - CricketBallTracker - DEBUG - Processing frame 11/202
2025-12-19 12:00:27,738 - CricketBallTracker - DEBUG - Processing frame 12/202
2025-12-19 12:00:27,781 - CricketBallTracker - DEBUG - Processing frame 13/202
2025-12-19 12:00:27,833 - CricketBallTracker - DEBUG - Processing frame 14/202
2025-12-19 12:00:27,878 - CricketBallTracker - DEBUG - Processing frame 15/202
2025-12-19 12:00:27,920 - CricketBallTracker - DEBUG - Processing frame 16/202
2025-12-19 12:00:27,963 - CricketBallTracker - DEBUG - Processing frame 17/202
2025-12-19 12:00:28,007 - CricketBallTracker - DEBUG - Processing frame 18/202
2025-12-19 12:00:28,051 - CricketBallTracker - DEBUG - Processing frame 19/202
2025-12-19 12:00:28,094 - CricketBallTracker - DEBUG - Processing frame 20/202
2025-12-19 12:00:28,135 - CricketBallTracker - DEBUG - Processing frame 21/202
2025-12-19 12:00:28,180 - CricketBallTracker - DEBUG - Processing frame 22/202
2025-12-19 12:00:28,225 - CricketBallTracker - DEBUG - Processing frame 23/202
2025-12-19 12:00:28,268 - CricketBallTracker - DEBUG - Processing frame 24/202
2025-12-19 12:00:28,310 - CricketBallTracker - DEBUG - Processing frame 25/202
2025-12-19 12:00:28,361 - CricketBallTracker - DEBUG - Processing frame 26/202
2025-12-19 12:00:28,406 - CricketBallTracker - DEBUG - Processing frame 27/202
2025-12-19 12:00:28,448 - CricketBallTracker - DEBUG - Processing frame 28/202
2025-12-19 12:00:28,492 - CricketBallTracker - DEBUG - Processing frame 29/202
2025-12-19 12:00:28,536 - CricketBallTracker - DEBUG - Processing frame 30/202
2025-12-19 12:00:28,579 - CricketBallTracker - DEBUG - Processing frame 31/202
2025-12-19 12:00:28,623 - CricketBallTracker - DEBUG - Processing frame 32/202
2025-12-19 12:00:28,665 - CricketBallTracker - DEBUG - Processing frame 33/202
2025-12-19 12:00:28,710 - CricketBallTracker - DEBUG - Processing frame 34/202
2025-12-19 12:00:28,757 - CricketBallTracker - DEBUG - Processing frame 35/202
2025-12-19 12:00:28,800 - CricketBallTracker - DEBUG - Processing frame 36/202
2025-12-19 12:00:28,843 - CricketBallTracker - DEBUG - Processing frame 37/202
2025-12-19 12:00:28,896 - CricketBallTracker - DEBUG - Processing frame 38/202
2025-12-19 12:00:28,939 - CricketBallTracker - DEBUG - Processing frame 39/202
2025-12-19 12:00:28,987 - CricketBallTracker - DEBUG - Processing frame 40/202
2025-12-19 12:00:29,031 - CricketBallTracker - DEBUG - Processing frame 41/202
2025-12-19 12:00:29,076 - CricketBallTracker - DEBUG - Processing frame 42/202
2025-12-19 12:00:29,123 - CricketBallTracker - DEBUG - Processing frame 43/202
2025-12-19 12:00:29,169 - CricketBallTracker - DEBUG - Processing frame 44/202
2025-12-19 12:00:29,214 - CricketBallTracker - DEBUG - Processing frame 45/202
2025-12-19 12:00:29,258 - CricketBallTracker - DEBUG - Processing frame 46/202
2025-12-19 12:00:29,301 - CricketBallTracker - DEBUG - Processing frame 47/202
2025-12-19 12:00:29,343 - CricketBallTracker - DEBUG - Processing frame 48/202
2025-12-19 12:00:29,387 - CricketBallTracker - DEBUG - Processing frame 49/202
2025-12-19 12:00:29,442 - CricketBallTracker - DEBUG - Processing frame 50/202
2025-12-19 12:00:29,494 - CricketBallTracker - INFO - Saved sample frame to /Users/bharat/Downloads/EDGEFLEET/results/yolo/10_20251219_120027/sample_50.jpg
2025-12-19 12:00:29,498 - CricketBallTracker - DEBUG - Processing frame 51/202
2025-12-19 12:00:29,543 - CricketBallTracker - DEBUG - Processing frame 52/202
2025-12-19 12:00:29,585 - CricketBallTracker - DEBUG - Processing frame 53/202
2025-12-19 12:00:29,640 - CricketBallTracker - DEBUG - Processing frame 54/202
2025-12-19 12:00:29,701 - CricketBallTracker - DEBUG - Processing frame 55/202
2025-12-19 12:00:29,762 - CricketBallTracker - DEBUG - Processing frame 56/202
2025-12-19 12:00:29,818 - CricketBallTracker - DEBUG - Processing frame 57/202
2025-12-19 12:00:29,872 - CricketBallTracker - DEBUG - Processing frame 58/202
2025-12-19 12:00:29,917 - CricketBallTracker - DEBUG - Processing frame 59/202
2025-12-19 12:00:29,961 - CricketBallTracker - DEBUG - Processing frame 60/202
2025-12-19 12:00:30,004 - CricketBallTracker - DEBUG - Processing frame 61/202
2025-12-19 12:00:30,058 - CricketBallTracker - DEBUG - Processing frame 62/202
2025-12-19 12:00:30,106 - CricketBallTracker - DEBUG - Processing frame 63/202
2025-12-19 12:00:30,150 - CricketBallTracker - DEBUG - Processing frame 64/202
2025-12-19 12:00:30,192 - CricketBallTracker - DEBUG - Processing frame 65/202
2025-12-19 12:00:30,233 - CricketBallTracker - DEBUG - Processing frame 66/202
2025-12-19 12:00:30,274 - CricketBallTracker - DEBUG - Processing frame 67/202
2025-12-19 12:00:30,317 - CricketBallTracker - DEBUG - Processing frame 68/202
2025-12-19 12:00:30,363 - CricketBallTracker - DEBUG - Processing frame 69/202
2025-12-19 12:00:30,405 - CricketBallTracker - DEBUG - Processing frame 70/202
2025-12-19 12:00:30,448 - CricketBallTracker - DEBUG - Processing frame 71/202
2025-12-19 12:00:30,492 - CricketBallTracker - DEBUG - Processing frame 72/202
2025-12-19 12:00:30,537 - CricketBallTracker - DEBUG - Processing frame 73/202
2025-12-19 12:00:30,592 - CricketBallTracker - DEBUG - Processing frame 74/202
2025-12-19 12:00:30,637 - CricketBallTracker - DEBUG - Processing frame 75/202
2025-12-19 12:00:30,681 - CricketBallTracker - DEBUG - Processing frame 76/202
2025-12-19 12:00:30,724 - CricketBallTracker - DEBUG - Processing frame 77/202
2025-12-19 12:00:30,766 - CricketBallTracker - DEBUG - Processing frame 78/202
2025-12-19 12:00:30,808 - CricketBallTracker - DEBUG - Processing frame 79/202
2025-12-19 12:00:30,851 - CricketBallTracker - DEBUG - Processing frame 80/202
2025-12-19 12:00:30,896 - CricketBallTracker - DEBUG - Processing frame 81/202
2025-12-19 12:00:30,939 - CricketBallTracker - DEBUG - Processing frame 82/202
2025-12-19 12:00:30,983 - CricketBallTracker - DEBUG - Processing frame 83/202
2025-12-19 12:00:31,027 - CricketBallTracker - DEBUG - Processing frame 84/202
2025-12-19 12:00:31,072 - CricketBallTracker - DEBUG - Processing frame 85/202
2025-12-19 12:00:31,129 - CricketBallTracker - DEBUG - Processing frame 86/202
2025-12-19 12:00:31,175 - CricketBallTracker - DEBUG - Processing frame 87/202
2025-12-19 12:00:31,226 - CricketBallTracker - DEBUG - Processing frame 88/202
2025-12-19 12:00:31,287 - CricketBallTracker - DEBUG - Processing frame 89/202
2025-12-19 12:00:31,343 - CricketBallTracker - DEBUG - Processing frame 90/202
2025-12-19 12:00:31,411 - CricketBallTracker - DEBUG - Processing frame 91/202
2025-12-19 12:00:31,476 - CricketBallTracker - DEBUG - Processing frame 92/202
2025-12-19 12:00:31,524 - CricketBallTracker - DEBUG - Processing frame 93/202
2025-12-19 12:00:31,573 - CricketBallTracker - DEBUG - Processing frame 94/202
2025-12-19 12:00:31,622 - CricketBallTracker - DEBUG - Processing frame 95/202
2025-12-19 12:00:31,671 - CricketBallTracker - DEBUG - Processing frame 96/202
2025-12-19 12:00:31,720 - CricketBallTracker - DEBUG - Processing frame 97/202
2025-12-19 12:00:31,814 - CricketBallTracker - DEBUG - Processing frame 98/202
2025-12-19 12:00:31,859 - CricketBallTracker - DEBUG - Processing frame 99/202
2025-12-19 12:00:31,903 - CricketBallTracker - DEBUG - Processing frame 100/202
2025-12-19 12:00:31,952 - CricketBallTracker - INFO - Saved sample frame to /Users/bharat/Downloads/EDGEFLEET/results/yolo/10_20251219_120027/sample_100.jpg
2025-12-19 12:00:31,957 - CricketBallTracker - DEBUG - Processing frame 101/202
2025-12-19 12:00:31,999 - CricketBallTracker - DEBUG - Processing frame 102/202
2025-12-19 12:00:32,045 - CricketBallTracker - DEBUG - Processing frame 103/202
2025-12-19 12:00:32,108 - CricketBallTracker - DEBUG - Processing frame 104/202
2025-12-19 12:00:32,166 - CricketBallTracker - DEBUG - Processing frame 105/202
2025-12-19 12:00:32,228 - CricketBallTracker - DEBUG - Processing frame 106/202
2025-12-19 12:00:32,300 - CricketBallTracker - DEBUG - Processing frame 107/202
2025-12-19 12:00:32,396 - CricketBallTracker - DEBUG - Processing frame 108/202
2025-12-19 12:00:32,441 - CricketBallTracker - DEBUG - Processing frame 109/202
2025-12-19 12:00:32,493 - CricketBallTracker - DEBUG - Processing frame 110/202
2025-12-19 12:00:32,540 - CricketBallTracker - DEBUG - Processing frame 111/202
2025-12-19 12:00:32,584 - CricketBallTracker - DEBUG - Processing frame 112/202
2025-12-19 12:00:32,631 - CricketBallTracker - DEBUG - Processing frame 113/202
2025-12-19 12:00:32,676 - CricketBallTracker - DEBUG - Processing frame 114/202
2025-12-19 12:00:32,718 - CricketBallTracker - DEBUG - Processing frame 115/202
2025-12-19 12:00:32,763 - CricketBallTracker - DEBUG - Processing frame 116/202
2025-12-19 12:00:32,807 - CricketBallTracker - DEBUG - Processing frame 117/202
2025-12-19 12:00:32,855 - CricketBallTracker - DEBUG - Processing frame 118/202
2025-12-19 12:00:32,901 - CricketBallTracker - DEBUG - Processing frame 119/202
2025-12-19 12:00:32,945 - CricketBallTracker - DEBUG - Processing frame 120/202
2025-12-19 12:00:32,988 - CricketBallTracker - DEBUG - Processing frame 121/202
2025-12-19 12:00:33,040 - CricketBallTracker - DEBUG - Processing frame 122/202
2025-12-19 12:00:33,084 - CricketBallTracker - DEBUG - Processing frame 123/202
2025-12-19 12:00:33,130 - CricketBallTracker - DEBUG - Processing frame 124/202
2025-12-19 12:00:33,174 - CricketBallTracker - DEBUG - Processing frame 125/202
2025-12-19 12:00:33,217 - CricketBallTracker - DEBUG - Processing frame 126/202
2025-12-19 12:00:33,260 - CricketBallTracker - DEBUG - Processing frame 127/202
2025-12-19 12:00:33,303 - CricketBallTracker - DEBUG - Processing frame 128/202
2025-12-19 12:00:33,346 - CricketBallTracker - DEBUG - Processing frame 129/202
2025-12-19 12:00:33,389 - CricketBallTracker - DEBUG - Processing frame 130/202
2025-12-19 12:00:33,430 - CricketBallTracker - DEBUG - Processing frame 131/202
2025-12-19 12:00:33,474 - CricketBallTracker - DEBUG - Processing frame 132/202
2025-12-19 12:00:33,518 - CricketBallTracker - DEBUG - Processing frame 133/202
2025-12-19 12:00:33,570 - CricketBallTracker - DEBUG - Processing frame 134/202
2025-12-19 12:00:33,613 - CricketBallTracker - DEBUG - Processing frame 135/202
2025-12-19 12:00:33,659 - CricketBallTracker - DEBUG - Processing frame 136/202
2025-12-19 12:00:33,701 - CricketBallTracker - DEBUG - Processing frame 137/202
2025-12-19 12:00:33,744 - CricketBallTracker - DEBUG - Processing frame 138/202
2025-12-19 12:00:33,787 - CricketBallTracker - DEBUG - Processing frame 139/202
2025-12-19 12:00:33,833 - CricketBallTracker - DEBUG - Processing frame 140/202
2025-12-19 12:00:33,876 - CricketBallTracker - DEBUG - Processing frame 141/202
2025-12-19 12:00:33,921 - CricketBallTracker - DEBUG - Processing frame 142/202
2025-12-19 12:00:33,969 - CricketBallTracker - DEBUG - Processing frame 143/202
2025-12-19 12:00:34,011 - CricketBallTracker - DEBUG - Processing frame 144/202
2025-12-19 12:00:34,056 - CricketBallTracker - DEBUG - Processing frame 145/202
2025-12-19 12:00:34,108 - CricketBallTracker - DEBUG - Processing frame 146/202
2025-12-19 12:00:34,156 - CricketBallTracker - DEBUG - Processing frame 147/202
2025-12-19 12:00:34,202 - CricketBallTracker - DEBUG - Processing frame 148/202
2025-12-19 12:00:34,244 - CricketBallTracker - DEBUG - Processing frame 149/202
2025-12-19 12:00:34,288 - CricketBallTracker - DEBUG - Processing frame 150/202
2025-12-19 12:00:34,341 - CricketBallTracker - INFO - Saved sample frame to /Users/bharat/Downloads/EDGEFLEET/results/yolo/10_20251219_120027/sample_150.jpg
2025-12-19 12:00:34,346 - CricketBallTracker - DEBUG - Processing frame 151/202
2025-12-19 12:00:34,392 - CricketBallTracker - DEBUG - Processing frame 152/202
2025-12-19 12:00:34,440 - CricketBallTracker - DEBUG - Processing frame 153/202
2025-12-19 12:00:34,498 - CricketBallTracker - DEBUG - Processing frame 154/202
2025-12-19 12:00:34,559 - CricketBallTracker - DEBUG - Processing frame 155/202
2025-12-19 12:00:34,622 - CricketBallTracker - DEBUG - Processing frame 156/202
2025-12-19 12:00:34,687 - CricketBallTracker - DEBUG - Processing frame 157/202
2025-12-19 12:00:34,742 - CricketBallTracker - DEBUG - Processing frame 158/202
2025-12-19 12:00:34,786 - CricketBallTracker - DEBUG - Processing frame 159/202
2025-12-19 12:00:34,834 - CricketBallTracker - DEBUG - Processing frame 160/202
2025-12-19 12:00:34,879 - CricketBallTracker - DEBUG - Processing frame 161/202
2025-12-19 12:00:34,928 - CricketBallTracker - DEBUG - Processing frame 162/202
2025-12-19 12:00:34,972 - CricketBallTracker - DEBUG - Processing frame 163/202
2025-12-19 12:00:35,016 - CricketBallTracker - DEBUG - Processing frame 164/202
2025-12-19 12:00:35,060 - CricketBallTracker - DEBUG - Processing frame 165/202
2025-12-19 12:00:35,106 - CricketBallTracker - DEBUG - Processing frame 166/202
2025-12-19 12:00:35,150 - CricketBallTracker - DEBUG - Processing frame 167/202
2025-12-19 12:00:35,195 - CricketBallTracker - DEBUG - Processing frame 168/202
2025-12-19 12:00:35,243 - CricketBallTracker - DEBUG - Processing frame 169/202
2025-12-19 12:00:35,294 - CricketBallTracker - DEBUG - Processing frame 170/202
2025-12-19 12:00:35,338 - CricketBallTracker - DEBUG - Processing frame 171/202
2025-12-19 12:00:35,385 - CricketBallTracker - DEBUG - Processing frame 172/202
2025-12-19 12:00:35,430 - CricketBallTracker - DEBUG - Processing frame 173/202
2025-12-19 12:00:35,477 - CricketBallTracker - DEBUG - Processing frame 174/202
2025-12-19 12:00:35,524 - CricketBallTracker - DEBUG - Processing frame 175/202
2025-12-19 12:00:35,570 - CricketBallTracker - DEBUG - Processing frame 176/202
2025-12-19 12:00:35,613 - CricketBallTracker - DEBUG - Processing frame 177/202
2025-12-19 12:00:35,667 - CricketBallTracker - DEBUG - Processing frame 178/202
2025-12-19 12:00:35,712 - CricketBallTracker - DEBUG - Processing frame 179/202
2025-12-19 12:00:35,758 - CricketBallTracker - DEBUG - Processing frame 180/202
2025-12-19 12:00:35,802 - CricketBallTracker - DEBUG - Processing frame 181/202
2025-12-19 12:00:35,852 - CricketBallTracker - DEBUG - Processing frame 182/202
2025-12-19 12:00:35,897 - CricketBallTracker - DEBUG - Processing frame 183/202
2025-12-19 12:00:35,943 - CricketBallTracker - DEBUG - Processing frame 184/202
2025-12-19 12:00:35,985 - CricketBallTracker - DEBUG - Processing frame 185/202
2025-12-19 12:00:36,029 - CricketBallTracker - DEBUG - Processing frame 186/202
2025-12-19 12:00:36,075 - CricketBallTracker - DEBUG - Processing frame 187/202
2025-12-19 12:00:36,127 - CricketBallTracker - DEBUG - Processing frame 188/202
2025-12-19 12:00:36,173 - CricketBallTracker - DEBUG - Processing frame 189/202
2025-12-19 12:00:36,216 - CricketBallTracker - DEBUG - Processing frame 190/202
2025-12-19 12:00:36,276 - CricketBallTracker - DEBUG - Processing frame 191/202
2025-12-19 12:00:36,348 - CricketBallTracker - DEBUG - Processing frame 192/202
2025-12-19 12:00:36,410 - CricketBallTracker - DEBUG - Processing frame 193/202
2025-12-19 12:00:36,491 - CricketBallTracker - DEBUG - Processing frame 194/202
2025-12-19 12:00:36,546 - CricketBallTracker - DEBUG - Processing frame 195/202
2025-12-19 12:00:36,590 - CricketBallTracker - DEBUG - Processing frame 196/202
2025-12-19 12:00:36,637 - CricketBallTracker - DEBUG - Processing frame 197/202
2025-12-19 12:00:36,681 - CricketBallTracker - DEBUG - Processing frame 198/202
2025-12-19 12:00:36,727 - CricketBallTracker - DEBUG - Processing frame 199/202
2025-12-19 12:00:36,774 - CricketBallTracker - DEBUG - Processing frame 200/202
2025-12-19 12:00:36,869 - CricketBallTracker - INFO - Saved sample frame to /Users/bharat/Downloads/EDGEFLEET/results/yolo/10_20251219_120027/sample_200.jpg
2025-12-19 12:00:36,873 - CricketBallTracker - DEBUG - Processing frame 201/202
2025-12-19 12:00:36,938 - CricketBallTracker - INFO - Annotations saved to /Users/bharat/Downloads/EDGEFLEET/annotations/yolo/10_20251219_120027.csv
2025-12-19 12:00:36,939 - CricketBallTracker - INFO - Output video saved to /Users/bharat/Downloads/EDGEFLEET/results/yolo/10_20251219_120027/10_output.mp4
2025-12-19 12:00:36,939 - CricketBallTracker - INFO - --- Performing Evaluation ---
2025-12-19 12:00:36,947 - CricketBallTracker - INFO - Evaluation Results: {
    "total_ground_truth_visible_balls": 141,
    "detected_balls_matched": 32,
    "recall": "0.2270",
    "precision": "1.0000",
    "mean_centroid_drift_pixels": "12.39"
}
2025-12-19 12:00:36,947 - CricketBallTracker - INFO - Evaluation metrics saved to /Users/bharat/Downloads/EDGEFLEET/results/yolo/10_20251219_120027/evaluation_metrics.json
2025-12-19 12:00:36,947 - CricketBallTracker - INFO - --- Finished pipeline for: 10.mov ---
